Symbol range map extraction starting
Processing 16 files
startProcessing "com\kewpanel\lanserverextended\Main.java" md5: e41e50640de3ce7de8a506c65d8ee02b
Cache Hit!
endProcessing "com\kewpanel\lanserverextended\Main.java"

startProcessing "com\kewpanel\lanserverextended\commands\LSECommandBanIp.java" md5: ca7f25e11ea93436a09705c4092b43f8
Cache Hit!
endProcessing "com\kewpanel\lanserverextended\commands\LSECommandBanIp.java"

startProcessing "com\kewpanel\lanserverextended\commands\LSECommandBanPlayer.java" md5: f451a762821d36ff59d25c6c4a40ee5e
Cache Hit!
endProcessing "com\kewpanel\lanserverextended\commands\LSECommandBanPlayer.java"

startProcessing "com\kewpanel\lanserverextended\commands\LSECommandBroadcast.java" md5: 7f1058ad163ccff6ef5db0814501b15b
Cache Hit!
endProcessing "com\kewpanel\lanserverextended\commands\LSECommandBroadcast.java"

startProcessing "com\kewpanel\lanserverextended\commands\LSECommandListBans.java" md5: 3114ac7cac98d87204964cf99df54de3
Cache Hit!
endProcessing "com\kewpanel\lanserverextended\commands\LSECommandListBans.java"

startProcessing "com\kewpanel\lanserverextended\commands\LSECommandListPlayers.java" md5: f563fabc921a9e48fab986f7448fbf3c
Cache Hit!
endProcessing "com\kewpanel\lanserverextended\commands\LSECommandListPlayers.java"

startProcessing "com\kewpanel\lanserverextended\commands\LSECommandMessage.java" md5: 60ccbed8a9048fd4d3b03b0fa704ff67
Cache Hit!
endProcessing "com\kewpanel\lanserverextended\commands\LSECommandMessage.java"

startProcessing "com\kewpanel\lanserverextended\commands\LSECommandOP.java" md5: 2b36e64eebe3d101269ab997caf5f4d8
Cache Hit!
endProcessing "com\kewpanel\lanserverextended\commands\LSECommandOP.java"

startProcessing "com\kewpanel\lanserverextended\commands\LSECommandPardonIp.java" md5: 495abdb12b798c47f1be88e1528cfa26
Cache Hit!
endProcessing "com\kewpanel\lanserverextended\commands\LSECommandPardonIp.java"

startProcessing "com\kewpanel\lanserverextended\commands\LSECommandPardonPlayer.java" md5: 9c7674973a4554c54401d1a21cba0d10
Cache Hit!
endProcessing "com\kewpanel\lanserverextended\commands\LSECommandPardonPlayer.java"

startProcessing "com\kewpanel\lanserverextended\commands\LSECommandSaveAll.java" md5: 7e6fe55b29d66e1f322a1e9a425a7e1e
Cache Hit!
endProcessing "com\kewpanel\lanserverextended\commands\LSECommandSaveAll.java"

startProcessing "com\kewpanel\lanserverextended\commands\LSECommandSaveOff.java" md5: 40ae2e260cbe8bf237533aec5890261c
Cache Hit!
endProcessing "com\kewpanel\lanserverextended\commands\LSECommandSaveOff.java"

startProcessing "com\kewpanel\lanserverextended\commands\LSECommandSaveOn.java" md5: f92a26f62a68eba49d7ac7d499f5af64
Cache Hit!
endProcessing "com\kewpanel\lanserverextended\commands\LSECommandSaveOn.java"

startProcessing "com\kewpanel\lanserverextended\commands\LSECommandServerKick.java" md5: c0242ea2b4b0084b9fac669dff15e589
Cache Hit!
endProcessing "com\kewpanel\lanserverextended\commands\LSECommandServerKick.java"

startProcessing "com\kewpanel\lanserverextended\commands\LSECommandStop.java" md5: 4111b888fa9f1e046e172ceaa6128c2e
Cache Hit!
endProcessing "com\kewpanel\lanserverextended\commands\LSECommandStop.java"

startProcessing "com\kewpanel\lanserverextended\commands\LSECommandWhitelist.java" md5: 204ad788dab7049d4496df6cd6d6a48c
Cache Hit!
endProcessing "com\kewpanel\lanserverextended\commands\LSECommandWhitelist.java"

